<?xml version="1.0" encoding="UTF-8"?>
<testng-results ignored="0" total="1" passed="1" failed="0" skipped="0">
  <reporter-output>
  </reporter-output>
  <suite started-at="2025-03-24T00:23:18 IST" name="Default suite" finished-at="2025-03-24T00:23:49 IST" duration-ms="30671">
    <groups>
    </groups>
    <test started-at="2025-03-24T00:23:18 IST" name="Default test" finished-at="2025-03-24T00:23:49 IST" duration-ms="30671">
      <class name="com.ERP.Dollibarr.ThirdParty.CreateContactsOrAddressesTest">
        <test-method is-config="true" signature="configBS()[pri:0, instance:com.ERP.Dollibarr.ThirdParty.CreateContactsOrAddressesTest@385c9627]" started-at="2025-03-24T00:23:04 IST" name="configBS" finished-at="2025-03-24T00:23:18 IST" duration-ms="14634" status="PASS">
          <reporter-output>
          </reporter-output>
        </test-method> <!-- configBS -->
        <test-method is-config="true" signature="configBC()[pri:0, instance:com.ERP.Dollibarr.ThirdParty.CreateContactsOrAddressesTest@385c9627]" started-at="2025-03-24T00:23:18 IST" name="configBC" finished-at="2025-03-24T00:23:20 IST" duration-ms="1649" status="PASS">
          <reporter-output>
          </reporter-output>
        </test-method> <!-- configBC -->
        <test-method is-config="true" signature="configBM()[pri:0, instance:com.ERP.Dollibarr.ThirdParty.CreateContactsOrAddressesTest@385c9627]" started-at="2025-03-24T00:23:20 IST" name="configBM" finished-at="2025-03-24T00:23:24 IST" duration-ms="3891" status="PASS">
          <reporter-output>
          </reporter-output>
        </test-method> <!-- configBM -->
        <test-method signature="createContactOrAddressesTest()[pri:0, instance:com.ERP.Dollibarr.ThirdParty.CreateContactsOrAddressesTest@385c9627]" started-at="2025-03-24T00:23:24 IST" name="createContactOrAddressesTest" finished-at="2025-03-24T00:23:47 IST" duration-ms="23426" status="PASS">
          <reporter-output>
          </reporter-output>
        </test-method> <!-- createContactOrAddressesTest -->
        <test-method is-config="true" signature="confiAM()[pri:0, instance:com.ERP.Dollibarr.ThirdParty.CreateContactsOrAddressesTest@385c9627]" started-at="2025-03-24T00:23:47 IST" name="confiAM" finished-at="2025-03-24T00:23:49 IST" duration-ms="1176" status="PASS">
          <reporter-output>
          </reporter-output>
        </test-method> <!-- confiAM -->
        <test-method is-config="true" signature="configAC()[pri:0, instance:com.ERP.Dollibarr.ThirdParty.CreateContactsOrAddressesTest@385c9627]" started-at="2025-03-24T00:23:49 IST" name="configAC" finished-at="2025-03-24T00:23:49 IST" duration-ms="464" status="PASS">
          <reporter-output>
          </reporter-output>
        </test-method> <!-- configAC -->
        <test-method is-config="true" signature="configAS()[pri:0, instance:com.ERP.Dollibarr.ThirdParty.CreateContactsOrAddressesTest@385c9627]" started-at="2025-03-24T00:23:49 IST" name="configAS" finished-at="2025-03-24T00:23:49 IST" duration-ms="2" status="PASS">
          <reporter-output>
          </reporter-output>
        </test-method> <!-- configAS -->
      </class> <!-- com.ERP.Dollibarr.ThirdParty.CreateContactsOrAddressesTest -->
    </test> <!-- Default test -->
  </suite> <!-- Default suite -->
</testng-results>
